<?xml version="1.0" encoding="UTF-8"?>
<testsuite xmlns:xsi="http://www.w3.org/2001/XMLSchema-instance" xsi:noNamespaceSchemaLocation="https://maven.apache.org/surefire/maven-surefire-plugin/xsd/surefire-test-report-3.0.xsd" version="3.0" name="com.mitkov.weatherapp.WeatherApp.WeatherAppApplicationTests" time="9.631" tests="1" errors="0" skipped="0" failures="0">
  <properties>
[...]
</properties>
  <testcase name="contextLoads" classname="com.mitkov.weatherapp.WeatherApp.WeatherAppApplicationTests" time="0.613">
    <system-out><![CDATA[08:32:12.890 [main] INFO org.springframework.test.context.support.AnnotationConfigContextLoaderUtils -- Could not detect default configuration classes for test class [com.mitkov.weatherapp.WeatherApp.WeatherAppApplicationTests]: WeatherAppApplicationTests does not declare any static, non-private, non-final, nested classes annotated with @Configuration.
08:32:13.010 [main] INFO org.springframework.boot.test.context.SpringBootTestContextBootstrapper -- Found @SpringBootConfiguration com.mitkov.weatherapp.WeatherApp.WeatherAppApplication for test class com.mitkov.weatherapp.WeatherApp.WeatherAppApplicationTests

  .   ____          _            __ _ _
 /\\ / ___'_ __ _ _(_)_ __  __ _ \ \ \ \
( ( )\___ | '_ | '_| | '_ \/ _` | \ \ \ \
 \\/  ___)| |_)| | | | | || (_| |  ) ) ) )
  '  |____| .__|_| |_|_| |_\__, | / / / /
 =========|_|==============|___/=/_/_/_/

 :: Spring Boot ::                (v3.3.5)

2024-12-22T08:32:13.526+02:00  INFO 13936 --- [WeatherAppCommon] [           main] c.m.w.W.WeatherAppApplicationTests       : Starting WeatherAppApplicationTests using Java 19.0.2 with PID 13936 (started by Maxim in D:\WeatherAppMVP\WeatherApp)
2024-12-22T08:32:13.529+02:00  INFO 13936 --- [WeatherAppCommon] [           main] c.m.w.W.WeatherAppApplicationTests       : No active profile set, falling back to 1 default profile: "default"
2024-12-22T08:32:14.660+02:00  INFO 13936 --- [WeatherAppCommon] [           main] .s.d.r.c.RepositoryConfigurationDelegate : Bootstrapping Spring Data JPA repositories in DEFAULT mode.
2024-12-22T08:32:14.738+02:00  INFO 13936 --- [WeatherAppCommon] [           main] .s.d.r.c.RepositoryConfigurationDelegate : Finished Spring Data repository scanning in 68 ms. Found 3 JPA repository interfaces.
2024-12-22T08:32:15.508+02:00  INFO 13936 --- [WeatherAppCommon] [           main] com.zaxxer.hikari.HikariDataSource       : HikariPool-1 - Starting...
2024-12-22T08:32:15.813+02:00  INFO 13936 --- [WeatherAppCommon] [           main] com.zaxxer.hikari.pool.HikariPool        : HikariPool-1 - Added connection org.postgresql.jdbc.PgConnection@da09250
2024-12-22T08:32:15.815+02:00  INFO 13936 --- [WeatherAppCommon] [           main] com.zaxxer.hikari.HikariDataSource       : HikariPool-1 - Start completed.
2024-12-22T08:32:16.068+02:00  INFO 13936 --- [WeatherAppCommon] [           main] liquibase.database                       : Set default schema name to public
2024-12-22T08:32:16.838+02:00  INFO 13936 --- [WeatherAppCommon] [           main] liquibase.changelog                      : Reading from public.databasechangelog
2024-12-22T08:32:16.900+02:00  INFO 13936 --- [WeatherAppCommon] [           main] liquibase.ui                             : Database is up to date, no changesets to execute
2024-12-22T08:32:16.902+02:00  INFO 13936 --- [WeatherAppCommon] [           main] liquibase.changelog                      : Reading from public.databasechangelog
2024-12-22T08:32:16.912+02:00  INFO 13936 --- [WeatherAppCommon] [           main] liquibase.util                           : UPDATE SUMMARY
2024-12-22T08:32:16.912+02:00  INFO 13936 --- [WeatherAppCommon] [           main] liquibase.util                           : Run:                          0
2024-12-22T08:32:16.913+02:00  INFO 13936 --- [WeatherAppCommon] [           main] liquibase.util                           : Previously run:               4
2024-12-22T08:32:16.913+02:00  INFO 13936 --- [WeatherAppCommon] [           main] liquibase.util                           : Filtered out:                 0
2024-12-22T08:32:16.913+02:00  INFO 13936 --- [WeatherAppCommon] [           main] liquibase.util                           : -------------------------------
2024-12-22T08:32:16.913+02:00  INFO 13936 --- [WeatherAppCommon] [           main] liquibase.util                           : Total change sets:            4
2024-12-22T08:32:16.914+02:00  INFO 13936 --- [WeatherAppCommon] [           main] liquibase.util                           : Update summary generated
2024-12-22T08:32:16.915+02:00  INFO 13936 --- [WeatherAppCommon] [           main] liquibase.command                        : Command execution complete
2024-12-22T08:32:17.581+02:00  INFO 13936 --- [WeatherAppCommon] [           main] o.hibernate.jpa.internal.util.LogHelper  : HHH000204: Processing PersistenceUnitInfo [name: default]
2024-12-22T08:32:17.677+02:00  INFO 13936 --- [WeatherAppCommon] [           main] org.hibernate.Version                    : HHH000412: Hibernate ORM core version 6.5.3.Final
2024-12-22T08:32:17.731+02:00  INFO 13936 --- [WeatherAppCommon] [           main] o.h.c.internal.RegionFactoryInitiator    : HHH000026: Second-level cache disabled
2024-12-22T08:32:18.143+02:00  INFO 13936 --- [WeatherAppCommon] [           main] o.s.o.j.p.SpringPersistenceUnitInfo      : No LoadTimeWeaver setup: ignoring JPA class transformer
2024-12-22T08:32:18.218+02:00  WARN 13936 --- [WeatherAppCommon] [           main] org.hibernate.orm.deprecation            : HHH90000025: PostgreSQLDialect does not need to be specified explicitly using 'hibernate.dialect' (remove the property setting and it will be selected by default)
2024-12-22T08:32:19.500+02:00  INFO 13936 --- [WeatherAppCommon] [           main] o.h.e.t.j.p.i.JtaPlatformInitiator       : HHH000489: No JTA platform available (set 'hibernate.transaction.jta.platform' to enable JTA platform integration)
2024-12-22T08:32:19.543+02:00  INFO 13936 --- [WeatherAppCommon] [           main] j.LocalContainerEntityManagerFactoryBean : Initialized JPA EntityManagerFactory for persistence unit 'default'
2024-12-22T08:32:20.258+02:00  WARN 13936 --- [WeatherAppCommon] [           main] JpaBaseConfiguration$JpaWebConfiguration : spring.jpa.open-in-view is enabled by default. Therefore, database queries may be performed during view rendering. Explicitly configure spring.jpa.open-in-view to disable this warning
2024-12-22T08:32:20.275+02:00  INFO 13936 --- [WeatherAppCommon] [           main] eAuthenticationProviderManagerConfigurer : Found 2 AuthenticationProvider beans, with names [sensorAuthenticationProvider, appUserAuthenticationProvider]. Global Authentication Manager will not be configured with AuthenticationProviders. Consider publishing a single AuthenticationProvider bean, or wiring your Providers directly using the DSL.
2024-12-22T08:32:20.276+02:00  WARN 13936 --- [WeatherAppCommon] [           main] r$InitializeUserDetailsManagerConfigurer : Found 2 UserDetailsService beans, with names [appUserDetailsService, sensorDetailsService]. Global Authentication Manager will not use a UserDetailsService for username/password login. Consider publishing a single UserDetailsService bean.
2024-12-22T08:32:21.233+02:00  INFO 13936 --- [WeatherAppCommon] [           main] o.a.k.clients.consumer.ConsumerConfig    : ConsumerConfig values: 
	allow.auto.create.topics = true
	auto.commit.interval.ms = 5000
	auto.include.jmx.reporter = true
	auto.offset.reset = latest
	bootstrap.servers = [localhost:9092, localhost:9094]
	check.crcs = true
	client.dns.lookup = use_all_dns_ips
	client.id = consumer-weather-sensor-group-1
	client.rack = 
	connections.max.idle.ms = 540000
	default.api.timeout.ms = 60000
	enable.auto.commit = false
	enable.metrics.push = true
	exclude.internal.topics = true
	fetch.max.bytes = 52428800
	fetch.max.wait.ms = 500
	fetch.min.bytes = 1
	group.id = weather-sensor-group
	group.instance.id = null
	group.protocol = classic
	group.remote.assignor = null
	heartbeat.interval.ms = 3000
	interceptor.classes = []
	internal.leave.group.on.close = true
	internal.throw.on.fetch.stable.offset.unsupported = false
	isolation.level = read_uncommitted
	key.deserializer = class org.apache.kafka.common.serialization.StringDeserializer
	max.partition.fetch.bytes = 1048576
	max.poll.interval.ms = 300000
	max.poll.records = 500
	metadata.max.age.ms = 300000
	metric.reporters = []
	metrics.num.samples = 2
	metrics.recording.level = INFO
	metrics.sample.window.ms = 30000
	partition.assignment.strategy = [class org.apache.kafka.clients.consumer.RangeAssignor, class org.apache.kafka.clients.consumer.CooperativeStickyAssignor]
	receive.buffer.bytes = 65536
	reconnect.backoff.max.ms = 1000
	reconnect.backoff.ms = 50
	request.timeout.ms = 30000
	retry.backoff.max.ms = 1000
	retry.backoff.ms = 100
	sasl.client.callback.handler.class = null
	sasl.jaas.config = null
	sasl.kerberos.kinit.cmd = /usr/bin/kinit
	sasl.kerberos.min.time.before.relogin = 60000
	sasl.kerberos.service.name = null
	sasl.kerberos.ticket.renew.jitter = 0.05
	sasl.kerberos.ticket.renew.window.factor = 0.8
	sasl.login.callback.handler.class = null
	sasl.login.class = null
	sasl.login.connect.timeout.ms = null
	sasl.login.read.timeout.ms = null
	sasl.login.refresh.buffer.seconds = 300
	sasl.login.refresh.min.period.seconds = 60
	sasl.login.refresh.window.factor = 0.8
	sasl.login.refresh.window.jitter = 0.05
	sasl.login.retry.backoff.max.ms = 10000
	sasl.login.retry.backoff.ms = 100
	sasl.mechanism = GSSAPI
	sasl.oauthbearer.clock.skew.seconds = 30
	sasl.oauthbearer.expected.audience = null
	sasl.oauthbearer.expected.issuer = null
	sasl.oauthbearer.jwks.endpoint.refresh.ms = 3600000
	sasl.oauthbearer.jwks.endpoint.retry.backoff.max.ms = 10000
	sasl.oauthbearer.jwks.endpoint.retry.backoff.ms = 100
	sasl.oauthbearer.jwks.endpoint.url = null
	sasl.oauthbearer.scope.claim.name = scope
	sasl.oauthbearer.sub.claim.name = sub
	sasl.oauthbearer.token.endpoint.url = null
	security.protocol = PLAINTEXT
	security.providers = null
	send.buffer.bytes = 131072
	session.timeout.ms = 45000
	socket.connection.setup.timeout.max.ms = 30000
	socket.connection.setup.timeout.ms = 10000
	ssl.cipher.suites = null
	ssl.enabled.protocols = [TLSv1.2, TLSv1.3]
	ssl.endpoint.identification.algorithm = https
	ssl.engine.factory.class = null
	ssl.key.password = null
	ssl.keymanager.algorithm = SunX509
	ssl.keystore.certificate.chain = null
	ssl.keystore.key = null
	ssl.keystore.location = null
	ssl.keystore.password = null
	ssl.keystore.type = JKS
	ssl.protocol = TLSv1.3
	ssl.provider = null
	ssl.secure.random.implementation = null
	ssl.trustmanager.algorithm = PKIX
	ssl.truststore.certificates = null
	ssl.truststore.location = null
	ssl.truststore.password = null
	ssl.truststore.type = JKS
	value.deserializer = class org.springframework.kafka.support.serializer.JsonDeserializer

2024-12-22T08:32:21.312+02:00  INFO 13936 --- [WeatherAppCommon] [           main] o.a.k.c.t.i.KafkaMetricsCollector        : initializing Kafka metrics collector
2024-12-22T08:32:21.508+02:00  INFO 13936 --- [WeatherAppCommon] [           main] o.a.kafka.common.utils.AppInfoParser     : Kafka version: 3.7.1
2024-12-22T08:32:21.508+02:00  INFO 13936 --- [WeatherAppCommon] [           main] o.a.kafka.common.utils.AppInfoParser     : Kafka commitId: e2494e6ffb89f828
2024-12-22T08:32:21.508+02:00  INFO 13936 --- [WeatherAppCommon] [           main] o.a.kafka.common.utils.AppInfoParser     : Kafka startTimeMs: 1734849141506
2024-12-22T08:32:21.513+02:00  INFO 13936 --- [WeatherAppCommon] [           main] o.a.k.c.c.internals.LegacyKafkaConsumer  : [Consumer clientId=consumer-weather-sensor-group-1, groupId=weather-sensor-group] Subscribed to topic(s): weather-sensor-measurements
2024-12-22T08:32:21.527+02:00  INFO 13936 --- [WeatherAppCommon] [           main] c.m.w.W.WeatherAppApplicationTests       : Started WeatherAppApplicationTests in 8.347 seconds (process running for 9.425)
2024-12-22T08:32:22.245+02:00  INFO 13936 --- [WeatherAppCommon] [ntainer#0-0-C-1] org.apache.kafka.clients.Metadata        : [Consumer clientId=consumer-weather-sensor-group-1, groupId=weather-sensor-group] Cluster ID: 7BbPKoE0QWeW6dqVKbRkQw
2024-12-22T08:32:22.246+02:00  INFO 13936 --- [WeatherAppCommon] [ntainer#0-0-C-1] o.a.k.c.c.internals.ConsumerCoordinator  : [Consumer clientId=consumer-weather-sensor-group-1, groupId=weather-sensor-group] Discovered group coordinator localhost:9092 (id: 2147483646 rack: null)
2024-12-22T08:32:22.249+02:00  INFO 13936 --- [WeatherAppCommon] [ntainer#0-0-C-1] o.a.k.c.c.internals.ConsumerCoordinator  : [Consumer clientId=consumer-weather-sensor-group-1, groupId=weather-sensor-group] (Re-)joining group
2024-12-22T08:32:22.309+02:00  INFO 13936 --- [WeatherAppCommon] [ntainer#0-0-C-1] o.a.k.c.c.internals.ConsumerCoordinator  : [Consumer clientId=consumer-weather-sensor-group-1, groupId=weather-sensor-group] Request joining group due to: need to re-join with the given member-id: consumer-weather-sensor-group-1-35254f7f-e3cf-4ce8-a696-396614c5128f
2024-12-22T08:32:22.310+02:00  INFO 13936 --- [WeatherAppCommon] [ntainer#0-0-C-1] o.a.k.c.c.internals.ConsumerCoordinator  : [Consumer clientId=consumer-weather-sensor-group-1, groupId=weather-sensor-group] (Re-)joining group
]]></system-out>
    <system-err><![CDATA[дек. 22, 2024 8:32:12 AM org.junit.platform.launcher.core.LauncherConfigurationParameters loadClasspathResource
WARNING: Discovered 2 'junit-platform.properties' configuration files in the classpath; only the first will be used.
дек. 22, 2024 8:32:12 AM org.junit.platform.launcher.core.LauncherConfigurationParameters loadClasspathResource
WARNING: Discovered 2 'junit-platform.properties' configuration files in the classpath; only the first will be used.
дек. 22, 2024 8:32:12 AM org.junit.platform.launcher.core.LauncherConfigurationParameters loadClasspathResource
WARNING: Discovered 2 'junit-platform.properties' configuration files in the classpath; only the first will be used.
дек. 22, 2024 8:32:12 AM org.junit.platform.launcher.core.LauncherConfigurationParameters loadClasspathResource
WARNING: Discovered 2 'junit-platform.properties' configuration files in the classpath; only the first will be used.
дек. 22, 2024 8:32:12 AM org.junit.platform.launcher.core.LauncherConfigurationParameters loadClasspathResource
WARNING: Discovered 2 'junit-platform.properties' configuration files in the classpath; only the first will be used.
дек. 22, 2024 8:32:12 AM org.junit.platform.launcher.core.LauncherConfigurationParameters loadClasspathResource
WARNING: Discovered 2 'junit-platform.properties' configuration files in the classpath; only the first will be used.
дек. 22, 2024 8:32:12 AM org.junit.platform.launcher.core.LauncherConfigurationParameters loadClasspathResource
WARNING: Discovered 2 'junit-platform.properties' configuration files in the classpath; only the first will be used.
дек. 22, 2024 8:32:12 AM org.junit.platform.launcher.core.LauncherConfigurationParameters loadClasspathResource
WARNING: Discovered 2 'junit-platform.properties' configuration files in the classpath; only the first will be used.
дек. 22, 2024 8:32:12 AM org.junit.platform.launcher.core.LauncherConfigurationParameters loadClasspathResource
WARNING: Discovered 2 'junit-platform.properties' configuration files in the classpath; only the first will be used.
]]></system-err>
  </testcase>
</testsuite>